<?xml version="1.0" encoding="UTF-8"?>
<coverage generated="1681119132512" clover="3.2.0">
  <project timestamp="1681119132512" name="All files">
    <metrics statements="64" coveredstatements="61" conditionals="14" coveredconditionals="10" methods="15" coveredmethods="14" elements="93" coveredelements="85" complexity="0" loc="64" ncloc="64" packages="1" files="3" classes="3"/>
    <file name="display.js" path="/Users/nils/Developer/codeinst-pp2/throwing-sticks/assets/scripts/display.js">
      <metrics statements="13" coveredstatements="12" conditionals="0" coveredconditionals="0" methods="4" coveredmethods="3"/>
      <line num="19" count="3" type="stmt"/>
      <line num="20" count="3" type="stmt"/>
      <line num="26" count="3" type="stmt"/>
      <line num="27" count="3" type="stmt"/>
      <line num="28" count="3" type="stmt"/>
      <line num="29" count="3" type="stmt"/>
      <line num="30" count="3" type="stmt"/>
      <line num="31" count="3" type="stmt"/>
      <line num="36" count="0" type="stmt"/>
      <line num="49" count="4" type="stmt"/>
      <line num="54" count="2" type="stmt"/>
      <line num="55" count="2" type="stmt"/>
      <line num="60" count="1" type="stmt"/>
    </file>
    <file name="simulation.js" path="/Users/nils/Developer/codeinst-pp2/throwing-sticks/assets/scripts/simulation.js">
      <metrics statements="38" coveredstatements="36" conditionals="12" coveredconditionals="8" methods="9" coveredmethods="9"/>
      <line num="1" count="1" type="stmt"/>
      <line num="15" count="14" type="stmt"/>
      <line num="16" count="14" type="stmt"/>
      <line num="17" count="14" type="stmt"/>
      <line num="22" count="10240" type="stmt"/>
      <line num="23" count="10240" type="stmt"/>
      <line num="26" count="10240" type="cond" truecount="2" falsecount="0"/>
      <line num="27" count="9" type="stmt"/>
      <line num="33" count="1" type="stmt"/>
      <line num="34" count="1" type="stmt"/>
      <line num="42" count="10222" type="stmt"/>
      <line num="43" count="10222" type="stmt"/>
      <line num="46" count="10222" type="stmt"/>
      <line num="47" count="10222" type="stmt"/>
      <line num="48" count="10222" type="stmt"/>
      <line num="50" count="10222" type="stmt"/>
      <line num="56" count="1" type="stmt"/>
      <line num="57" count="100" type="cond" truecount="1" falsecount="1"/>
      <line num="58" count="100" type="stmt"/>
      <line num="59" count="100" type="stmt"/>
      <line num="67" count="1" type="stmt"/>
      <line num="68" count="100" type="cond" truecount="1" falsecount="1"/>
      <line num="69" count="100" type="stmt"/>
      <line num="70" count="100" type="stmt"/>
      <line num="78" count="3" type="stmt"/>
      <line num="81" count="10009" type="cond" truecount="1" falsecount="1"/>
      <line num="82" count="0" type="stmt"/>
      <line num="86" count="10009" type="stmt"/>
      <line num="89" count="10009" type="stmt"/>
      <line num="92" count="10009" type="stmt"/>
      <line num="95" count="10009" type="cond" truecount="2" falsecount="0"/>
      <line num="98" count="10009" type="stmt"/>
      <line num="104" count="10012" type="stmt"/>
      <line num="110" count="1" type="cond" truecount="1" falsecount="1"/>
      <line num="111" count="0" type="stmt"/>
      <line num="113" count="1" type="stmt"/>
      <line num="115" count="1" type="stmt"/>
      <line num="120" count="1" type="stmt"/>
    </file>
    <file name="stick.js" path="/Users/nils/Developer/codeinst-pp2/throwing-sticks/assets/scripts/stick.js">
      <metrics statements="13" coveredstatements="13" conditionals="2" coveredconditionals="2" methods="2" coveredmethods="2"/>
      <line num="14" count="10258" type="stmt"/>
      <line num="15" count="10258" type="stmt"/>
      <line num="16" count="10258" type="stmt"/>
      <line num="17" count="10258" type="stmt"/>
      <line num="18" count="10258" type="stmt"/>
      <line num="19" count="10258" type="stmt"/>
      <line num="20" count="10258" type="stmt"/>
      <line num="21" count="10258" type="stmt"/>
      <line num="22" count="10258" type="stmt"/>
      <line num="33" count="10017" type="stmt"/>
      <line num="34" count="10017" type="stmt"/>
      <line num="35" count="10017" type="cond" truecount="2" falsecount="0"/>
      <line num="40" count="2" type="stmt"/>
    </file>
  </project>
</coverage>
