{"/Users/nils/Developer/codeinst-pp2/throwing-sticks/assets/scripts/display.js": {"path":"/Users/nils/Developer/codeinst-pp2/throwing-sticks/assets/scripts/display.js","statementMap":{"0":{"start":{"line":19,"column":8},"end":{"line":19,"column":38}},"1":{"start":{"line":20,"column":8},"end":{"line":25,"column":10}},"2":{"start":{"line":26,"column":8},"end":{"line":26,"column":41}},"3":{"start":{"line":27,"column":8},"end":{"line":27,"column":25}},"4":{"start":{"line":28,"column":8},"end":{"line":28,"column":26}},"5":{"start":{"line":29,"column":8},"end":{"line":29,"column":34}},"6":{"start":{"line":30,"column":8},"end":{"line":30,"column":31}},"7":{"start":{"line":31,"column":8},"end":{"line":31,"column":36}},"8":{"start":{"line":36,"column":8},"end":{"line":45,"column":10}},"9":{"start":{"line":49,"column":8},"end":{"line":49,"column":83}},"10":{"start":{"line":54,"column":8},"end":{"line":54,"column":48}},"11":{"start":{"line":55,"column":8},"end":{"line":55,"column":72}},"12":{"start":{"line":60,"column":0},"end":{"line":60,"column":40}}},"fnMap":{"0":{"name":"(anonymous_0)","decl":{"start":{"line":18,"column":4},"end":{"line":18,"column":5}},"loc":{"start":{"line":18,"column":18},"end":{"line":32,"column":5}},"line":18},"1":{"name":"(anonymous_1)","decl":{"start":{"line":35,"column":4},"end":{"line":35,"column":5}},"loc":{"start":{"line":35,"column":23},"end":{"line":45,"column":12}},"line":35},"2":{"name":"(anonymous_2)","decl":{"start":{"line":48,"column":4},"end":{"line":48,"column":5}},"loc":{"start":{"line":48,"column":39},"end":{"line":50,"column":5}},"line":48},"3":{"name":"(anonymous_3)","decl":{"start":{"line":53,"column":4},"end":{"line":53,"column":5}},"loc":{"start":{"line":53,"column":36},"end":{"line":56,"column":5}},"line":53}},"branchMap":{},"s":{"0":3,"1":3,"2":3,"3":3,"4":3,"5":3,"6":3,"7":3,"8":0,"9":4,"10":2,"11":2,"12":1},"f":{"0":3,"1":0,"2":4,"3":2},"b":{},"_coverageSchema":"1a1c01bbd47fc00a2c39e90264f33305004495a9","hash":"bfa8328010655c42bb36b00dcee9d7642e588301"}
,"/Users/nils/Developer/codeinst-pp2/throwing-sticks/assets/scripts/simulation.js": {"path":"/Users/nils/Developer/codeinst-pp2/throwing-sticks/assets/scripts/simulation.js","statementMap":{"0":{"start":{"line":1,"column":14},"end":{"line":1,"column":39}},"1":{"start":{"line":15,"column":8},"end":{"line":15,"column":25}},"2":{"start":{"line":16,"column":8},"end":{"line":16,"column":64}},"3":{"start":{"line":17,"column":8},"end":{"line":17,"column":37}},"4":{"start":{"line":22,"column":8},"end":{"line":22,"column":46}},"5":{"start":{"line":23,"column":8},"end":{"line":23,"column":37}},"6":{"start":{"line":26,"column":8},"end":{"line":28,"column":9}},"7":{"start":{"line":27,"column":12},"end":{"line":27,"column":47}},"8":{"start":{"line":33,"column":8},"end":{"line":33,"column":25}},"9":{"start":{"line":34,"column":8},"end":{"line":34,"column":64}},"10":{"start":{"line":42,"column":25},"end":{"line":42,"column":28}},"11":{"start":{"line":43,"column":28},"end":{"line":43,"column":29}},"12":{"start":{"line":46,"column":32},"end":{"line":46,"column":59}},"13":{"start":{"line":47,"column":34},"end":{"line":47,"column":58}},"14":{"start":{"line":48,"column":21},"end":{"line":48,"column":78}},"15":{"start":{"line":50,"column":8},"end":{"line":50,"column":33}},"16":{"start":{"line":56,"column":8},"end":{"line":61,"column":9}},"17":{"start":{"line":57,"column":12},"end":{"line":60,"column":13}},"18":{"start":{"line":58,"column":16},"end":{"line":58,"column":78}},"19":{"start":{"line":59,"column":16},"end":{"line":59,"column":43}},"20":{"start":{"line":67,"column":8},"end":{"line":72,"column":9}},"21":{"start":{"line":68,"column":12},"end":{"line":71,"column":13}},"22":{"start":{"line":69,"column":16},"end":{"line":69,"column":67}},"23":{"start":{"line":70,"column":16},"end":{"line":70,"column":55}},"24":{"start":{"line":78,"column":8},"end":{"line":99,"column":9}},"25":{"start":{"line":81,"column":12},"end":{"line":83,"column":13}},"26":{"start":{"line":82,"column":16},"end":{"line":82,"column":25}},"27":{"start":{"line":86,"column":35},"end":{"line":86,"column":85}},"28":{"start":{"line":89,"column":12},"end":{"line":89,"column":50}},"29":{"start":{"line":92,"column":41},"end":{"line":92,"column":117}},"30":{"start":{"line":95,"column":12},"end":{"line":95,"column":65}},"31":{"start":{"line":98,"column":12},"end":{"line":98,"column":49}},"32":{"start":{"line":104,"column":8},"end":{"line":104,"column":41}},"33":{"start":{"line":110,"column":8},"end":{"line":112,"column":9}},"34":{"start":{"line":111,"column":12},"end":{"line":111,"column":21}},"35":{"start":{"line":113,"column":24},"end":{"line":113,"column":79}},"36":{"start":{"line":115,"column":8},"end":{"line":115,"column":43}},"37":{"start":{"line":120,"column":0},"end":{"line":120,"column":29}}},"fnMap":{"0":{"name":"(anonymous_0)","decl":{"start":{"line":14,"column":4},"end":{"line":14,"column":5}},"loc":{"start":{"line":14,"column":18},"end":{"line":18,"column":5}},"line":14},"1":{"name":"(anonymous_1)","decl":{"start":{"line":21,"column":4},"end":{"line":21,"column":5}},"loc":{"start":{"line":21,"column":23},"end":{"line":29,"column":5}},"line":21},"2":{"name":"(anonymous_2)","decl":{"start":{"line":32,"column":4},"end":{"line":32,"column":5}},"loc":{"start":{"line":32,"column":22},"end":{"line":35,"column":5}},"line":32},"3":{"name":"(anonymous_3)","decl":{"start":{"line":39,"column":4},"end":{"line":39,"column":5}},"loc":{"start":{"line":39,"column":26},"end":{"line":51,"column":5}},"line":39},"4":{"name":"(anonymous_4)","decl":{"start":{"line":55,"column":4},"end":{"line":55,"column":5}},"loc":{"start":{"line":55,"column":51},"end":{"line":62,"column":5}},"line":55},"5":{"name":"(anonymous_5)","decl":{"start":{"line":66,"column":4},"end":{"line":66,"column":5}},"loc":{"start":{"line":66,"column":43},"end":{"line":73,"column":5}},"line":66},"6":{"name":"(anonymous_6)","decl":{"start":{"line":76,"column":4},"end":{"line":76,"column":5}},"loc":{"start":{"line":76,"column":22},"end":{"line":100,"column":5}},"line":76},"7":{"name":"(anonymous_7)","decl":{"start":{"line":103,"column":4},"end":{"line":103,"column":5}},"loc":{"start":{"line":103,"column":22},"end":{"line":105,"column":5}},"line":103},"8":{"name":"(anonymous_8)","decl":{"start":{"line":107,"column":4},"end":{"line":107,"column":5}},"loc":{"start":{"line":107,"column":18},"end":{"line":117,"column":5}},"line":107}},"branchMap":{"0":{"loc":{"start":{"line":26,"column":8},"end":{"line":28,"column":9}},"type":"if","locations":[{"start":{"line":26,"column":8},"end":{"line":28,"column":9}},{"start":{},"end":{}}],"line":26},"1":{"loc":{"start":{"line":57,"column":12},"end":{"line":60,"column":13}},"type":"if","locations":[{"start":{"line":57,"column":12},"end":{"line":60,"column":13}},{"start":{},"end":{}}],"line":57},"2":{"loc":{"start":{"line":68,"column":12},"end":{"line":71,"column":13}},"type":"if","locations":[{"start":{"line":68,"column":12},"end":{"line":71,"column":13}},{"start":{},"end":{}}],"line":68},"3":{"loc":{"start":{"line":81,"column":12},"end":{"line":83,"column":13}},"type":"if","locations":[{"start":{"line":81,"column":12},"end":{"line":83,"column":13}},{"start":{},"end":{}}],"line":81},"4":{"loc":{"start":{"line":95,"column":27},"end":{"line":95,"column":64}},"type":"cond-expr","locations":[{"start":{"line":95,"column":49},"end":{"line":95,"column":54}},{"start":{"line":95,"column":57},"end":{"line":95,"column":64}}],"line":95},"5":{"loc":{"start":{"line":110,"column":8},"end":{"line":112,"column":9}},"type":"if","locations":[{"start":{"line":110,"column":8},"end":{"line":112,"column":9}},{"start":{},"end":{}}],"line":110}},"s":{"0":1,"1":14,"2":14,"3":14,"4":10240,"5":10240,"6":10240,"7":9,"8":1,"9":1,"10":10222,"11":10222,"12":10222,"13":10222,"14":10222,"15":10222,"16":1,"17":100,"18":100,"19":100,"20":1,"21":100,"22":100,"23":100,"24":3,"25":10009,"26":0,"27":10009,"28":10009,"29":10009,"30":10009,"31":10009,"32":10012,"33":1,"34":0,"35":1,"36":1,"37":1},"f":{"0":14,"1":10240,"2":1,"3":10222,"4":1,"5":1,"6":3,"7":10012,"8":1},"b":{"0":[9,10231],"1":[100,0],"2":[100,0],"3":[0,10009],"4":[6367,3642],"5":[0,1]},"_coverageSchema":"1a1c01bbd47fc00a2c39e90264f33305004495a9","hash":"ed59dd61ec508b1c0f245f6b54f6eb4fd62da187"}
,"/Users/nils/Developer/codeinst-pp2/throwing-sticks/assets/scripts/stick.js": {"path":"/Users/nils/Developer/codeinst-pp2/throwing-sticks/assets/scripts/stick.js","statementMap":{"0":{"start":{"line":14,"column":8},"end":{"line":14,"column":38}},"1":{"start":{"line":15,"column":8},"end":{"line":15,"column":35}},"2":{"start":{"line":16,"column":8},"end":{"line":16,"column":44}},"3":{"start":{"line":17,"column":8},"end":{"line":17,"column":34}},"4":{"start":{"line":18,"column":8},"end":{"line":18,"column":34}},"5":{"start":{"line":19,"column":8},"end":{"line":19,"column":27}},"6":{"start":{"line":20,"column":8},"end":{"line":20,"column":43}},"7":{"start":{"line":21,"column":8},"end":{"line":21,"column":35}},"8":{"start":{"line":22,"column":8},"end":{"line":22,"column":47}},"9":{"start":{"line":33,"column":39},"end":{"line":33,"column":40}},"10":{"start":{"line":34,"column":32},"end":{"line":34,"column":65}},"11":{"start":{"line":35,"column":8},"end":{"line":35,"column":77}},"12":{"start":{"line":40,"column":0},"end":{"line":40,"column":24}}},"fnMap":{"0":{"name":"(anonymous_0)","decl":{"start":{"line":13,"column":4},"end":{"line":13,"column":5}},"loc":{"start":{"line":13,"column":24},"end":{"line":23,"column":5}},"line":13},"1":{"name":"(anonymous_1)","decl":{"start":{"line":32,"column":4},"end":{"line":32,"column":5}},"loc":{"start":{"line":32,"column":44},"end":{"line":36,"column":5}},"line":32}},"branchMap":{"0":{"loc":{"start":{"line":35,"column":15},"end":{"line":35,"column":76}},"type":"cond-expr","locations":[{"start":{"line":35,"column":37},"end":{"line":35,"column":51}},{"start":{"line":35,"column":56},"end":{"line":35,"column":74}}],"line":35}},"s":{"0":10258,"1":10258,"2":10258,"3":10258,"4":10258,"5":10258,"6":10258,"7":10258,"8":10258,"9":10017,"10":10017,"11":10017,"12":2},"f":{"0":10258,"1":10017},"b":{"0":[4954,5063]},"_coverageSchema":"1a1c01bbd47fc00a2c39e90264f33305004495a9","hash":"5cdb4d0a79e1ce904e89fed57eb18a521d1c3401"}
}
