TN:
SF:assets/scripts/display.js
FN:18,(anonymous_0)
FN:35,(anonymous_1)
FN:48,(anonymous_2)
FN:53,(anonymous_3)
FNF:4
FNH:3
FNDA:3,(anonymous_0)
FNDA:0,(anonymous_1)
FNDA:4,(anonymous_2)
FNDA:2,(anonymous_3)
DA:19,3
DA:20,3
DA:26,3
DA:27,3
DA:28,3
DA:29,3
DA:30,3
DA:31,3
DA:36,0
DA:49,4
DA:54,2
DA:55,2
DA:60,1
LF:13
LH:12
BRF:0
BRH:0
end_of_record
TN:
SF:assets/scripts/simulation.js
FN:14,(anonymous_0)
FN:21,(anonymous_1)
FN:32,(anonymous_2)
FN:39,(anonymous_3)
FN:55,(anonymous_4)
FN:66,(anonymous_5)
FN:76,(anonymous_6)
FN:103,(anonymous_7)
FN:107,(anonymous_8)
FNF:9
FNH:9
FNDA:14,(anonymous_0)
FNDA:10240,(anonymous_1)
FNDA:1,(anonymous_2)
FNDA:10222,(anonymous_3)
FNDA:1,(anonymous_4)
FNDA:1,(anonymous_5)
FNDA:3,(anonymous_6)
FNDA:10012,(anonymous_7)
FNDA:1,(anonymous_8)
DA:1,1
DA:15,14
DA:16,14
DA:17,14
DA:22,10240
DA:23,10240
DA:26,10240
DA:27,9
DA:33,1
DA:34,1
DA:42,10222
DA:43,10222
DA:46,10222
DA:47,10222
DA:48,10222
DA:50,10222
DA:56,1
DA:57,100
DA:58,100
DA:59,100
DA:67,1
DA:68,100
DA:69,100
DA:70,100
DA:78,3
DA:81,10009
DA:82,0
DA:86,10009
DA:89,10009
DA:92,10009
DA:95,10009
DA:98,10009
DA:104,10012
DA:110,1
DA:111,0
DA:113,1
DA:115,1
DA:120,1
LF:38
LH:36
BRDA:26,0,0,9
BRDA:26,0,1,10231
BRDA:57,1,0,100
BRDA:57,1,1,0
BRDA:68,2,0,100
BRDA:68,2,1,0
BRDA:81,3,0,0
BRDA:81,3,1,10009
BRDA:95,4,0,6367
BRDA:95,4,1,3642
BRDA:110,5,0,0
BRDA:110,5,1,1
BRF:12
BRH:8
end_of_record
TN:
SF:assets/scripts/stick.js
FN:13,(anonymous_0)
FN:32,(anonymous_1)
FNF:2
FNH:2
FNDA:10258,(anonymous_0)
FNDA:10017,(anonymous_1)
DA:14,10258
DA:15,10258
DA:16,10258
DA:17,10258
DA:18,10258
DA:19,10258
DA:20,10258
DA:21,10258
DA:22,10258
DA:33,10017
DA:34,10017
DA:35,10017
DA:40,2
LF:13
LH:13
BRDA:35,0,0,4954
BRDA:35,0,1,5063
BRF:2
BRH:2
end_of_record
